{"/Users/kale/Desktop/express-biztime/app.js": {"path":"/Users/kale/Desktop/express-biztime/app.js","statementMap":{"0":{"start":{"line":3,"column":16},"end":{"line":3,"column":34}},"1":{"start":{"line":5,"column":12},"end":{"line":5,"column":21}},"2":{"start":{"line":6,"column":21},"end":{"line":6,"column":46}},"3":{"start":{"line":9,"column":24},"end":{"line":9,"column":53}},"4":{"start":{"line":10,"column":23},"end":{"line":10,"column":51}},"5":{"start":{"line":12,"column":0},"end":{"line":12,"column":24}},"6":{"start":{"line":15,"column":0},"end":{"line":15,"column":39}},"7":{"start":{"line":16,"column":0},"end":{"line":16,"column":37}},"8":{"start":{"line":20,"column":0},"end":{"line":23,"column":3}},"9":{"start":{"line":21,"column":14},"end":{"line":21,"column":48}},"10":{"start":{"line":22,"column":2},"end":{"line":22,"column":19}},"11":{"start":{"line":27,"column":0},"end":{"line":34,"column":3}},"12":{"start":{"line":28,"column":2},"end":{"line":28,"column":32}},"13":{"start":{"line":30,"column":2},"end":{"line":33,"column":5}},"14":{"start":{"line":37,"column":0},"end":{"line":37,"column":21}}},"fnMap":{"0":{"name":"(anonymous_0)","decl":{"start":{"line":20,"column":8},"end":{"line":20,"column":9}},"loc":{"start":{"line":20,"column":33},"end":{"line":23,"column":1}},"line":20},"1":{"name":"(anonymous_1)","decl":{"start":{"line":27,"column":8},"end":{"line":27,"column":9}},"loc":{"start":{"line":27,"column":33},"end":{"line":34,"column":1}},"line":27}},"branchMap":{"0":{"loc":{"start":{"line":28,"column":13},"end":{"line":28,"column":30}},"type":"binary-expr","locations":[{"start":{"line":28,"column":13},"end":{"line":28,"column":23}},{"start":{"line":28,"column":27},"end":{"line":28,"column":30}}],"line":28}},"s":{"0":2,"1":2,"2":2,"3":2,"4":2,"5":2,"6":2,"7":2,"8":2,"9":0,"10":0,"11":2,"12":3,"13":3,"14":2},"f":{"0":0,"1":3},"b":{"0":[3,3]},"_coverageSchema":"1a1c01bbd47fc00a2c39e90264f33305004495a9","hash":"49b610d76217f9f2d0fb70f32e161613059393c7"}
,"/Users/kale/Desktop/express-biztime/db.js": {"path":"/Users/kale/Desktop/express-biztime/db.js","statementMap":{"0":{"start":{"line":2,"column":19},"end":{"line":2,"column":32}},"1":{"start":{"line":4,"column":15},"end":{"line":6,"column":2}},"2":{"start":{"line":8,"column":0},"end":{"line":8,"column":17}},"3":{"start":{"line":10,"column":0},"end":{"line":10,"column":24}}},"fnMap":{},"branchMap":{},"s":{"0":2,"1":2,"2":2,"3":2},"f":{},"b":{},"_coverageSchema":"1a1c01bbd47fc00a2c39e90264f33305004495a9","hash":"5d9879d38474b943a9dc4e2f4f4539d5b5ca8491"}
,"/Users/kale/Desktop/express-biztime/expressError.js": {"path":"/Users/kale/Desktop/express-biztime/expressError.js","statementMap":{"0":{"start":{"line":9,"column":4},"end":{"line":9,"column":12}},"1":{"start":{"line":10,"column":4},"end":{"line":10,"column":27}},"2":{"start":{"line":11,"column":4},"end":{"line":11,"column":25}},"3":{"start":{"line":12,"column":4},"end":{"line":12,"column":30}},"4":{"start":{"line":17,"column":0},"end":{"line":17,"column":30}}},"fnMap":{"0":{"name":"(anonymous_0)","decl":{"start":{"line":8,"column":2},"end":{"line":8,"column":3}},"loc":{"start":{"line":8,"column":31},"end":{"line":13,"column":3}},"line":8}},"branchMap":{},"s":{"0":0,"1":0,"2":0,"3":0,"4":2},"f":{"0":0},"b":{},"_coverageSchema":"1a1c01bbd47fc00a2c39e90264f33305004495a9","hash":"df09df14912a81b5cce069a08508ca885f347780"}
,"/Users/kale/Desktop/express-biztime/routes/companies.js": {"path":"/Users/kale/Desktop/express-biztime/routes/companies.js","statementMap":{"0":{"start":{"line":1,"column":16},"end":{"line":1,"column":34}},"1":{"start":{"line":2,"column":16},"end":{"line":2,"column":34}},"2":{"start":{"line":3,"column":15},"end":{"line":3,"column":35}},"3":{"start":{"line":4,"column":21},"end":{"line":4,"column":47}},"4":{"start":{"line":5,"column":11},"end":{"line":5,"column":27}},"5":{"start":{"line":8,"column":0},"end":{"line":22,"column":3}},"6":{"start":{"line":9,"column":2},"end":{"line":21,"column":3}},"7":{"start":{"line":10,"column":19},"end":{"line":14,"column":5}},"8":{"start":{"line":16,"column":4},"end":{"line":16,"column":48}},"9":{"start":{"line":20,"column":4},"end":{"line":20,"column":21}},"10":{"start":{"line":25,"column":0},"end":{"line":59,"column":3}},"11":{"start":{"line":26,"column":2},"end":{"line":58,"column":3}},"12":{"start":{"line":27,"column":15},"end":{"line":27,"column":30}},"13":{"start":{"line":29,"column":23},"end":{"line":34,"column":5}},"14":{"start":{"line":36,"column":22},"end":{"line":42,"column":5}},"15":{"start":{"line":44,"column":4},"end":{"line":46,"column":5}},"16":{"start":{"line":45,"column":6},"end":{"line":45,"column":61}},"17":{"start":{"line":48,"column":20},"end":{"line":48,"column":38}},"18":{"start":{"line":49,"column":23},"end":{"line":49,"column":37}},"19":{"start":{"line":51,"column":4},"end":{"line":51,"column":61}},"20":{"start":{"line":51,"column":47},"end":{"line":51,"column":59}},"21":{"start":{"line":53,"column":4},"end":{"line":53,"column":42}},"22":{"start":{"line":57,"column":4},"end":{"line":57,"column":21}},"23":{"start":{"line":64,"column":0},"end":{"line":79,"column":3}},"24":{"start":{"line":65,"column":2},"end":{"line":78,"column":3}},"25":{"start":{"line":66,"column":34},"end":{"line":66,"column":42}},"26":{"start":{"line":67,"column":17},"end":{"line":67,"column":47}},"27":{"start":{"line":69,"column":19},"end":{"line":72,"column":5}},"28":{"start":{"line":74,"column":4},"end":{"line":74,"column":61}},"29":{"start":{"line":77,"column":4},"end":{"line":77,"column":21}},"30":{"start":{"line":83,"column":0},"end":{"line":106,"column":3}},"31":{"start":{"line":84,"column":2},"end":{"line":104,"column":3}},"32":{"start":{"line":85,"column":30},"end":{"line":85,"column":38}},"33":{"start":{"line":86,"column":15},"end":{"line":86,"column":30}},"34":{"start":{"line":88,"column":19},"end":{"line":93,"column":34}},"35":{"start":{"line":95,"column":4},"end":{"line":99,"column":5}},"36":{"start":{"line":96,"column":6},"end":{"line":96,"column":61}},"37":{"start":{"line":98,"column":6},"end":{"line":98,"column":51}},"38":{"start":{"line":103,"column":4},"end":{"line":103,"column":21}},"39":{"start":{"line":109,"column":0},"end":{"line":129,"column":3}},"40":{"start":{"line":110,"column":2},"end":{"line":128,"column":3}},"41":{"start":{"line":111,"column":15},"end":{"line":111,"column":30}},"42":{"start":{"line":113,"column":19},"end":{"line":117,"column":15}},"43":{"start":{"line":119,"column":4},"end":{"line":123,"column":5}},"44":{"start":{"line":120,"column":6},"end":{"line":120,"column":61}},"45":{"start":{"line":122,"column":6},"end":{"line":122,"column":45}},"46":{"start":{"line":127,"column":4},"end":{"line":127,"column":21}},"47":{"start":{"line":132,"column":0},"end":{"line":132,"column":24}}},"fnMap":{"0":{"name":"(anonymous_0)","decl":{"start":{"line":8,"column":16},"end":{"line":8,"column":17}},"loc":{"start":{"line":8,"column":48},"end":{"line":22,"column":1}},"line":8},"1":{"name":"(anonymous_1)","decl":{"start":{"line":25,"column":21},"end":{"line":25,"column":22}},"loc":{"start":{"line":25,"column":53},"end":{"line":59,"column":1}},"line":25},"2":{"name":"(anonymous_2)","decl":{"start":{"line":51,"column":40},"end":{"line":51,"column":41}},"loc":{"start":{"line":51,"column":47},"end":{"line":51,"column":59}},"line":51},"3":{"name":"(anonymous_3)","decl":{"start":{"line":64,"column":17},"end":{"line":64,"column":18}},"loc":{"start":{"line":64,"column":43},"end":{"line":79,"column":1}},"line":64},"4":{"name":"(anonymous_4)","decl":{"start":{"line":83,"column":21},"end":{"line":83,"column":22}},"loc":{"start":{"line":83,"column":53},"end":{"line":106,"column":1}},"line":83},"5":{"name":"(anonymous_5)","decl":{"start":{"line":109,"column":24},"end":{"line":109,"column":25}},"loc":{"start":{"line":109,"column":56},"end":{"line":129,"column":1}},"line":109}},"branchMap":{"0":{"loc":{"start":{"line":44,"column":4},"end":{"line":46,"column":5}},"type":"if","locations":[{"start":{"line":44,"column":4},"end":{"line":46,"column":5}},{"start":{},"end":{}}],"line":44},"1":{"loc":{"start":{"line":95,"column":4},"end":{"line":99,"column":5}},"type":"if","locations":[{"start":{"line":95,"column":4},"end":{"line":99,"column":5}},{"start":{"line":97,"column":11},"end":{"line":99,"column":5}}],"line":95},"2":{"loc":{"start":{"line":119,"column":4},"end":{"line":123,"column":5}},"type":"if","locations":[{"start":{"line":119,"column":4},"end":{"line":123,"column":5}},{"start":{"line":121,"column":11},"end":{"line":123,"column":5}}],"line":119}},"s":{"0":2,"1":2,"2":2,"3":2,"4":2,"5":2,"6":1,"7":1,"8":1,"9":0,"10":2,"11":0,"12":0,"13":0,"14":0,"15":0,"16":0,"17":0,"18":0,"19":0,"20":0,"21":0,"22":0,"23":2,"24":1,"25":1,"26":1,"27":1,"28":0,"29":1,"30":2,"31":0,"32":0,"33":0,"34":0,"35":0,"36":0,"37":0,"38":0,"39":2,"40":0,"41":0,"42":0,"43":0,"44":0,"45":0,"46":0,"47":2},"f":{"0":1,"1":0,"2":0,"3":1,"4":0,"5":0},"b":{"0":[0,0],"1":[0,0],"2":[0,0]},"_coverageSchema":"1a1c01bbd47fc00a2c39e90264f33305004495a9","hash":"18e48ae06029c119260d06857c7c64e92024ea46"}
,"/Users/kale/Desktop/express-biztime/routes/invoices.js": {"path":"/Users/kale/Desktop/express-biztime/routes/invoices.js","statementMap":{"0":{"start":{"line":1,"column":16},"end":{"line":1,"column":34}},"1":{"start":{"line":2,"column":15},"end":{"line":2,"column":35}},"2":{"start":{"line":3,"column":11},"end":{"line":3,"column":27}},"3":{"start":{"line":6,"column":0},"end":{"line":13,"column":3}},"4":{"start":{"line":7,"column":2},"end":{"line":12,"column":3}},"5":{"start":{"line":8,"column":19},"end":{"line":8,"column":83}},"6":{"start":{"line":9,"column":4},"end":{"line":9,"column":47}},"7":{"start":{"line":11,"column":4},"end":{"line":11,"column":21}},"8":{"start":{"line":16,"column":0},"end":{"line":53,"column":3}},"9":{"start":{"line":17,"column":2},"end":{"line":52,"column":3}},"10":{"start":{"line":18,"column":19},"end":{"line":18,"column":29}},"11":{"start":{"line":19,"column":19},"end":{"line":32,"column":5}},"12":{"start":{"line":33,"column":4},"end":{"line":35,"column":5}},"13":{"start":{"line":34,"column":6},"end":{"line":34,"column":60}},"14":{"start":{"line":36,"column":17},"end":{"line":36,"column":31}},"15":{"start":{"line":37,"column":20},"end":{"line":48,"column":5}},"16":{"start":{"line":49,"column":4},"end":{"line":49,"column":42}},"17":{"start":{"line":51,"column":4},"end":{"line":51,"column":21}},"18":{"start":{"line":56,"column":0},"end":{"line":67,"column":3}},"19":{"start":{"line":57,"column":2},"end":{"line":66,"column":3}},"20":{"start":{"line":58,"column":31},"end":{"line":58,"column":39}},"21":{"start":{"line":59,"column":19},"end":{"line":62,"column":5}},"22":{"start":{"line":63,"column":4},"end":{"line":63,"column":61}},"23":{"start":{"line":65,"column":4},"end":{"line":65,"column":21}},"24":{"start":{"line":71,"column":0},"end":{"line":115,"column":3}},"25":{"start":{"line":72,"column":2},"end":{"line":114,"column":3}},"26":{"start":{"line":73,"column":24},"end":{"line":73,"column":32}},"27":{"start":{"line":74,"column":13},"end":{"line":74,"column":26}},"28":{"start":{"line":75,"column":20},"end":{"line":75,"column":24}},"29":{"start":{"line":77,"column":23},"end":{"line":82,"column":5}},"30":{"start":{"line":84,"column":4},"end":{"line":86,"column":5}},"31":{"start":{"line":85,"column":6},"end":{"line":85,"column":59}},"32":{"start":{"line":88,"column":24},"end":{"line":88,"column":52}},"33":{"start":{"line":90,"column":4},"end":{"line":96,"column":5}},"34":{"start":{"line":91,"column":6},"end":{"line":91,"column":29}},"35":{"start":{"line":92,"column":11},"end":{"line":96,"column":5}},"36":{"start":{"line":93,"column":6},"end":{"line":93,"column":22}},"37":{"start":{"line":95,"column":6},"end":{"line":95,"column":30}},"38":{"start":{"line":98,"column":19},"end":{"line":103,"column":35}},"39":{"start":{"line":105,"column":4},"end":{"line":109,"column":5}},"40":{"start":{"line":106,"column":6},"end":{"line":106,"column":59}},"41":{"start":{"line":108,"column":6},"end":{"line":108,"column":51}},"42":{"start":{"line":113,"column":4},"end":{"line":113,"column":21}},"43":{"start":{"line":119,"column":0},"end":{"line":130,"column":3}},"44":{"start":{"line":120,"column":2},"end":{"line":129,"column":3}},"45":{"start":{"line":121,"column":19},"end":{"line":121,"column":29}},"46":{"start":{"line":122,"column":19},"end":{"line":122,"column":90}},"47":{"start":{"line":123,"column":4},"end":{"line":125,"column":5}},"48":{"start":{"line":124,"column":6},"end":{"line":124,"column":60}},"49":{"start":{"line":126,"column":4},"end":{"line":126,"column":43}},"50":{"start":{"line":128,"column":4},"end":{"line":128,"column":21}},"51":{"start":{"line":132,"column":0},"end":{"line":132,"column":24}}},"fnMap":{"0":{"name":"(anonymous_0)","decl":{"start":{"line":6,"column":16},"end":{"line":6,"column":17}},"loc":{"start":{"line":6,"column":42},"end":{"line":13,"column":1}},"line":6},"1":{"name":"(anonymous_1)","decl":{"start":{"line":16,"column":19},"end":{"line":16,"column":20}},"loc":{"start":{"line":16,"column":45},"end":{"line":53,"column":1}},"line":16},"2":{"name":"(anonymous_2)","decl":{"start":{"line":56,"column":17},"end":{"line":56,"column":18}},"loc":{"start":{"line":56,"column":43},"end":{"line":67,"column":1}},"line":56},"3":{"name":"(anonymous_3)","decl":{"start":{"line":71,"column":19},"end":{"line":71,"column":20}},"loc":{"start":{"line":71,"column":51},"end":{"line":115,"column":1}},"line":71},"4":{"name":"(anonymous_4)","decl":{"start":{"line":119,"column":22},"end":{"line":119,"column":23}},"loc":{"start":{"line":119,"column":48},"end":{"line":130,"column":1}},"line":119}},"branchMap":{"0":{"loc":{"start":{"line":33,"column":4},"end":{"line":35,"column":5}},"type":"if","locations":[{"start":{"line":33,"column":4},"end":{"line":35,"column":5}},{"start":{},"end":{}}],"line":33},"1":{"loc":{"start":{"line":84,"column":4},"end":{"line":86,"column":5}},"type":"if","locations":[{"start":{"line":84,"column":4},"end":{"line":86,"column":5}},{"start":{},"end":{}}],"line":84},"2":{"loc":{"start":{"line":90,"column":4},"end":{"line":96,"column":5}},"type":"if","locations":[{"start":{"line":90,"column":4},"end":{"line":96,"column":5}},{"start":{"line":92,"column":11},"end":{"line":96,"column":5}}],"line":90},"3":{"loc":{"start":{"line":90,"column":8},"end":{"line":90,"column":28}},"type":"binary-expr","locations":[{"start":{"line":90,"column":8},"end":{"line":90,"column":20}},{"start":{"line":90,"column":24},"end":{"line":90,"column":28}}],"line":90},"4":{"loc":{"start":{"line":92,"column":11},"end":{"line":96,"column":5}},"type":"if","locations":[{"start":{"line":92,"column":11},"end":{"line":96,"column":5}},{"start":{"line":94,"column":11},"end":{"line":96,"column":5}}],"line":92},"5":{"loc":{"start":{"line":105,"column":4},"end":{"line":109,"column":5}},"type":"if","locations":[{"start":{"line":105,"column":4},"end":{"line":109,"column":5}},{"start":{"line":107,"column":11},"end":{"line":109,"column":5}}],"line":105},"6":{"loc":{"start":{"line":123,"column":4},"end":{"line":125,"column":5}},"type":"if","locations":[{"start":{"line":123,"column":4},"end":{"line":125,"column":5}},{"start":{},"end":{}}],"line":123}},"s":{"0":2,"1":2,"2":2,"3":2,"4":1,"5":1,"6":1,"7":0,"8":2,"9":1,"10":1,"11":1,"12":1,"13":0,"14":1,"15":1,"16":1,"17":0,"18":2,"19":1,"20":1,"21":1,"22":0,"23":1,"24":2,"25":1,"26":1,"27":1,"28":1,"29":1,"30":1,"31":0,"32":1,"33":1,"34":0,"35":1,"36":1,"37":0,"38":1,"39":0,"40":0,"41":0,"42":1,"43":2,"44":1,"45":1,"46":1,"47":1,"48":0,"49":1,"50":0,"51":2},"f":{"0":1,"1":1,"2":1,"3":1,"4":1},"b":{"0":[0,1],"1":[0,1],"2":[0,1],"3":[1,1],"4":[1,0],"5":[0,0],"6":[0,1]},"_coverageSchema":"1a1c01bbd47fc00a2c39e90264f33305004495a9","hash":"1496c38fe6fc668b0540c1e30512d30bc5d9646d"}
}
