TN:
SF:app.js
FN:20,(anonymous_0)
FN:27,(anonymous_1)
FNF:2
FNH:1
FNDA:0,(anonymous_0)
FNDA:3,(anonymous_1)
DA:3,2
DA:5,2
DA:6,2
DA:9,2
DA:10,2
DA:12,2
DA:15,2
DA:16,2
DA:20,2
DA:21,0
DA:22,0
DA:27,2
DA:28,3
DA:30,3
DA:37,2
LF:15
LH:13
BRDA:28,0,0,3
BRDA:28,0,1,3
BRF:2
BRH:2
end_of_record
TN:
SF:db.js
FNF:0
FNH:0
DA:2,2
DA:4,2
DA:8,2
DA:10,2
LF:4
LH:4
BRF:0
BRH:0
end_of_record
TN:
SF:expressError.js
FN:8,(anonymous_0)
FNF:1
FNH:0
FNDA:0,(anonymous_0)
DA:9,0
DA:10,0
DA:11,0
DA:12,0
DA:17,2
LF:5
LH:1
BRF:0
BRH:0
end_of_record
TN:
SF:routes/companies.js
FN:8,(anonymous_0)
FN:25,(anonymous_1)
FN:51,(anonymous_2)
FN:64,(anonymous_3)
FN:83,(anonymous_4)
FN:109,(anonymous_5)
FNF:6
FNH:2
FNDA:1,(anonymous_0)
FNDA:0,(anonymous_1)
FNDA:0,(anonymous_2)
FNDA:1,(anonymous_3)
FNDA:0,(anonymous_4)
FNDA:0,(anonymous_5)
DA:1,2
DA:2,2
DA:3,2
DA:4,2
DA:5,2
DA:8,2
DA:9,1
DA:10,1
DA:16,1
DA:20,0
DA:25,2
DA:26,0
DA:27,0
DA:29,0
DA:36,0
DA:44,0
DA:45,0
DA:48,0
DA:49,0
DA:51,0
DA:53,0
DA:57,0
DA:64,2
DA:65,1
DA:66,1
DA:67,1
DA:69,1
DA:74,0
DA:77,1
DA:83,2
DA:84,0
DA:85,0
DA:86,0
DA:88,0
DA:95,0
DA:96,0
DA:98,0
DA:103,0
DA:109,2
DA:110,0
DA:111,0
DA:113,0
DA:119,0
DA:120,0
DA:122,0
DA:127,0
DA:132,2
LF:47
LH:19
BRDA:44,0,0,0
BRDA:44,0,1,0
BRDA:95,1,0,0
BRDA:95,1,1,0
BRDA:119,2,0,0
BRDA:119,2,1,0
BRF:6
BRH:0
end_of_record
TN:
SF:routes/invoices.js
FN:6,(anonymous_0)
FN:16,(anonymous_1)
FN:56,(anonymous_2)
FN:71,(anonymous_3)
FN:119,(anonymous_4)
FNF:5
FNH:5
FNDA:1,(anonymous_0)
FNDA:1,(anonymous_1)
FNDA:1,(anonymous_2)
FNDA:1,(anonymous_3)
FNDA:1,(anonymous_4)
DA:1,2
DA:2,2
DA:3,2
DA:6,2
DA:7,1
DA:8,1
DA:9,1
DA:11,0
DA:16,2
DA:17,1
DA:18,1
DA:19,1
DA:33,1
DA:34,0
DA:36,1
DA:37,1
DA:49,1
DA:51,0
DA:56,2
DA:57,1
DA:58,1
DA:59,1
DA:63,0
DA:65,1
DA:71,2
DA:72,1
DA:73,1
DA:74,1
DA:75,1
DA:77,1
DA:84,1
DA:85,0
DA:88,1
DA:90,1
DA:91,0
DA:92,1
DA:93,1
DA:95,0
DA:98,1
DA:105,0
DA:106,0
DA:108,0
DA:113,1
DA:119,2
DA:120,1
DA:121,1
DA:122,1
DA:123,1
DA:124,0
DA:126,1
DA:128,0
DA:132,2
LF:52
LH:40
BRDA:33,0,0,0
BRDA:33,0,1,1
BRDA:84,1,0,0
BRDA:84,1,1,1
BRDA:90,2,0,0
BRDA:90,2,1,1
BRDA:90,3,0,1
BRDA:90,3,1,1
BRDA:92,4,0,1
BRDA:92,4,1,0
BRDA:105,5,0,0
BRDA:105,5,1,0
BRDA:123,6,0,0
BRDA:123,6,1,1
BRF:14
BRH:7
end_of_record
